<?xml version="1.0" encoding="UTF-8"?>
<testsuite name="com.example.TestGreeter" tests="2" skipped="0" failures="0" errors="0" timestamp="2023-01-23T14:04:30" hostname="Gauravs-MacBook-Pro.local" time="0.005">
  <properties/>
  <testcase name="greetShouldIncludeTheOneBeingGreeted" classname="com.example.TestGreeter" time="0.002"/>
  <testcase name="greetShouldIncludeGreetingPhrase" classname="com.example.TestGreeter" time="0.002"/>
  <system-out><![CDATA[]]></system-out>
  <system-err><![CDATA[]]></system-err>
</testsuite>
